<?xml version="1.0"?>
<testsuite name="Chrome 77.0.3865 (Mac OS X 10.14.6)" package="" timestamp="2019-10-05T08:52:32" id="0" hostname="01HW1417843.local" tests="3" errors="0" failures="0" time="0.074">
  <properties>
    <property name="browser.fullName" value="Mozilla/5.0 (Macintosh; Intel Mac OS X 10_14_6) AppleWebKit/537.36 (KHTML, like Gecko) Chrome/77.0.3865.90 Safari/537.36"/>
  </properties>
  <testcase name="AppComponent should create the app" time="0.04" classname="Chrome_77_0_3865_(Mac_OS_X_10_14_6).AppComponent"/>
  <testcase name="AppComponent should have as title 'app works on simple!'" time="0.016" classname="Chrome_77_0_3865_(Mac_OS_X_10_14_6).AppComponent"/>
  <testcase name="AppComponent should render title in a h1 tag" time="0.018" classname="Chrome_77_0_3865_(Mac_OS_X_10_14_6).AppComponent"/>
  <system-out>
    <![CDATA[
]]>
  </system-out>
  <system-err/>
</testsuite>